<?xml version="1.0" encoding="UTF-8"?>
<coverage generated="1555457412940" clover="3.2.0">
  <project timestamp="1555457412940" name="All files">
    <metrics statements="49" coveredstatements="49" conditionals="14" coveredconditionals="14" methods="18" coveredmethods="18" elements="81" coveredelements="81" complexity="0" loc="49" ncloc="49" packages="1" files="1" classes="1"/>
    <file name="index.ts" path="/home/meads/DEV/fetch-base/src/index.ts">
      <metrics statements="49" coveredstatements="49" conditionals="14" coveredconditionals="14" methods="18" coveredmethods="18"/>
      <line num="1" count="1" type="stmt"/>
      <line num="2" count="1" type="stmt"/>
      <line num="23" count="1" type="stmt"/>
      <line num="24" count="34" type="stmt"/>
      <line num="26" count="34" type="stmt"/>
      <line num="28" count="1" type="stmt"/>
      <line num="29" count="4" type="stmt"/>
      <line num="34" count="1" type="stmt"/>
      <line num="35" count="4" type="stmt"/>
      <line num="40" count="1" type="stmt"/>
      <line num="41" count="4" type="stmt"/>
      <line num="46" count="1" type="stmt"/>
      <line num="47" count="4" type="stmt"/>
      <line num="52" count="1" type="stmt"/>
      <line num="53" count="4" type="stmt"/>
      <line num="58" count="1" type="stmt"/>
      <line num="59" count="4" type="stmt"/>
      <line num="65" count="1" type="stmt"/>
      <line num="66" count="18" type="stmt"/>
      <line num="69" count="1" type="stmt"/>
      <line num="70" count="6" type="stmt"/>
      <line num="73" count="1" type="stmt"/>
      <line num="75" count="18" type="stmt"/>
      <line num="77" count="6" type="stmt"/>
      <line num="86" count="1" type="stmt"/>
      <line num="87" count="59" type="cond" truecount="2" falsecount="0"/>
      <line num="88" count="64" type="cond" truecount="2" falsecount="0"/>
      <line num="91" count="1" type="stmt"/>
      <line num="95" count="33" type="stmt"/>
      <line num="96" count="33" type="stmt"/>
      <line num="99" count="1" type="stmt"/>
      <line num="102" count="33" type="stmt"/>
      <line num="103" count="33" type="cond" truecount="2" falsecount="0"/>
      <line num="104" count="33" type="cond" truecount="2" falsecount="0"/>
      <line num="107" count="7" type="stmt"/>
      <line num="111" count="4" type="stmt"/>
      <line num="113" count="2" type="stmt"/>
      <line num="116" count="33" type="stmt"/>
      <line num="119" count="1" type="stmt"/>
      <line num="120" count="12" type="stmt"/>
      <line num="122" count="1" type="stmt"/>
      <line num="123" count="4" type="stmt"/>
      <line num="125" count="1" type="stmt"/>
      <line num="126" count="4" type="stmt"/>
      <line num="128" count="1" type="stmt"/>
      <line num="129" count="4" type="stmt"/>
      <line num="131" count="1" type="stmt"/>
      <line num="132" count="24" type="stmt"/>
      <line num="141" count="1" type="stmt"/>
    </file>
  </project>
</coverage>
