<?xml version="1.0" encoding="UTF-8"?>
<coverage generated="1553975669743" clover="3.2.0">
  <project timestamp="1553975669744" name="All files">
    <metrics statements="57" coveredstatements="56" conditionals="30" coveredconditionals="25" methods="19" coveredmethods="19" elements="106" coveredelements="100" complexity="0" loc="57" ncloc="57" packages="1" files="1" classes="1">
      <file name="index.js" path="/home/meads/DEV/fetch-base/dist/index.js">
        <metrics statements="57" coveredstatements="56" conditionals="30" coveredconditionals="25" methods="19" coveredmethods="19"/>
        <line num="2" count="1" type="stmt"/>
        <line num="3" count="1" type="stmt"/>
        <line num="4" count="1" type="stmt"/>
        <line num="6" count="32" type="stmt"/>
        <line num="7" count="32" type="stmt"/>
        <line num="10" count="1" type="stmt"/>
        <line num="11" count="4" type="stmt"/>
        <line num="16" count="1" type="stmt"/>
        <line num="17" count="4" type="stmt"/>
        <line num="22" count="1" type="stmt"/>
        <line num="23" count="4" type="stmt"/>
        <line num="28" count="1" type="stmt"/>
        <line num="29" count="4" type="cond" truecount="1" falsecount="1"/>
        <line num="30" count="4" type="stmt"/>
        <line num="32" count="4" type="cond" truecount="2" falsecount="0"/>
        <line num="33" count="3" type="stmt"/>
        <line num="35" count="1" type="stmt"/>
        <line num="40" count="1" type="stmt"/>
        <line num="41" count="4" type="cond" truecount="1" falsecount="1"/>
        <line num="42" count="4" type="stmt"/>
        <line num="47" count="1" type="stmt"/>
        <line num="48" count="4" type="cond" truecount="1" falsecount="1"/>
        <line num="49" count="4" type="stmt"/>
        <line num="54" count="1" type="stmt"/>
        <line num="55" count="18" type="stmt"/>
        <line num="57" count="1" type="stmt"/>
        <line num="58" count="6" type="stmt"/>
        <line num="60" count="1" type="stmt"/>
        <line num="61" count="20" type="cond" truecount="2" falsecount="0"/>
        <line num="62" count="15" type="stmt"/>
        <line num="64" count="5" type="stmt"/>
        <line num="66" count="1" type="stmt"/>
        <line num="67" count="12" type="stmt"/>
        <line num="74" count="1" type="stmt"/>
        <line num="75" count="32" type="cond" truecount="2" falsecount="0"/>
        <line num="76" count="32" type="cond" truecount="2" falsecount="0"/>
        <line num="77" count="32" type="cond" truecount="3" falsecount="1"/>
        <line num="78" count="0" type="stmt"/>
        <line num="81" count="31" type="stmt"/>
        <line num="82" count="31" type="cond" truecount="2" falsecount="0"/>
        <line num="83" count="31" type="cond" truecount="1" falsecount="1"/>
        <line num="84" count="31" type="cond" truecount="2" falsecount="0"/>
        <line num="85" count="31" type="cond" truecount="4" falsecount="0"/>
        <line num="86" count="4" type="stmt"/>
        <line num="87" count="4" type="cond" truecount="2" falsecount="0"/>
        <line num="88" count="2" type="stmt"/>
        <line num="91" count="31" type="stmt"/>
        <line num="93" count="1" type="stmt"/>
        <line num="94" count="12" type="stmt"/>
        <line num="96" count="1" type="stmt"/>
        <line num="97" count="4" type="stmt"/>
        <line num="99" count="1" type="stmt"/>
        <line num="100" count="4" type="stmt"/>
        <line num="102" count="1" type="stmt"/>
        <line num="103" count="4" type="stmt"/>
        <line num="105" count="1" type="stmt"/>
        <line num="107" count="1" type="stmt"/>
      </file>
    </metrics>
  </project>
</coverage>
