{"/home/meads/DEV/fetch-base/dist/index.js": {"path":"/home/meads/DEV/fetch-base/dist/index.js","statementMap":{"0":{"start":{"line":2,"column":0},"end":{"line":2,"column":62}},"1":{"start":{"line":3,"column":0},"end":{"line":3,"column":24}},"2":{"start":{"line":4,"column":31},"end":{"line":106,"column":3}},"3":{"start":{"line":6,"column":8},"end":{"line":6,"column":29}},"4":{"start":{"line":7,"column":8},"end":{"line":7,"column":27}},"5":{"start":{"line":10,"column":4},"end":{"line":15,"column":6}},"6":{"start":{"line":11,"column":8},"end":{"line":14,"column":44}},"7":{"start":{"line":16,"column":4},"end":{"line":21,"column":6}},"8":{"start":{"line":17,"column":8},"end":{"line":20,"column":44}},"9":{"start":{"line":22,"column":4},"end":{"line":27,"column":6}},"10":{"start":{"line":23,"column":8},"end":{"line":26,"column":44}},"11":{"start":{"line":28,"column":4},"end":{"line":39,"column":6}},"12":{"start":{"line":29,"column":17},"end":{"line":29,"column":62}},"13":{"start":{"line":30,"column":8},"end":{"line":38,"column":44}},"14":{"start":{"line":32,"column":12},"end":{"line":34,"column":13}},"15":{"start":{"line":33,"column":16},"end":{"line":33,"column":53}},"16":{"start":{"line":35,"column":12},"end":{"line":35,"column":35}},"17":{"start":{"line":40,"column":4},"end":{"line":46,"column":6}},"18":{"start":{"line":41,"column":17},"end":{"line":41,"column":62}},"19":{"start":{"line":42,"column":8},"end":{"line":45,"column":44}},"20":{"start":{"line":47,"column":4},"end":{"line":53,"column":6}},"21":{"start":{"line":48,"column":17},"end":{"line":48,"column":62}},"22":{"start":{"line":49,"column":8},"end":{"line":52,"column":44}},"23":{"start":{"line":54,"column":4},"end":{"line":56,"column":6}},"24":{"start":{"line":55,"column":8},"end":{"line":55,"column":38}},"25":{"start":{"line":57,"column":4},"end":{"line":59,"column":6}},"26":{"start":{"line":58,"column":8},"end":{"line":58,"column":37}},"27":{"start":{"line":60,"column":4},"end":{"line":65,"column":6}},"28":{"start":{"line":61,"column":8},"end":{"line":63,"column":9}},"29":{"start":{"line":62,"column":12},"end":{"line":62,"column":49}},"30":{"start":{"line":64,"column":8},"end":{"line":64,"column":31}},"31":{"start":{"line":66,"column":4},"end":{"line":68,"column":6}},"32":{"start":{"line":67,"column":8},"end":{"line":67,"column":36}},"33":{"start":{"line":74,"column":4},"end":{"line":92,"column":6}},"34":{"start":{"line":75,"column":8},"end":{"line":75,"column":55}},"35":{"start":{"line":75,"column":37},"end":{"line":75,"column":53}},"36":{"start":{"line":76,"column":8},"end":{"line":76,"column":57}},"37":{"start":{"line":76,"column":38},"end":{"line":76,"column":55}},"38":{"start":{"line":77,"column":8},"end":{"line":79,"column":9}},"39":{"start":{"line":78,"column":12},"end":{"line":78,"column":85}},"40":{"start":{"line":81,"column":18},"end":{"line":81,"column":63}},"41":{"start":{"line":82,"column":8},"end":{"line":82,"column":60}},"42":{"start":{"line":83,"column":8},"end":{"line":83,"column":56}},"43":{"start":{"line":84,"column":8},"end":{"line":84,"column":50}},"44":{"start":{"line":85,"column":8},"end":{"line":90,"column":9}},"45":{"start":{"line":86,"column":12},"end":{"line":86,"column":50}},"46":{"start":{"line":87,"column":12},"end":{"line":89,"column":13}},"47":{"start":{"line":88,"column":16},"end":{"line":88,"column":82}},"48":{"start":{"line":88,"column":54},"end":{"line":88,"column":69}},"49":{"start":{"line":91,"column":8},"end":{"line":91,"column":19}},"50":{"start":{"line":93,"column":4},"end":{"line":95,"column":6}},"51":{"start":{"line":94,"column":8},"end":{"line":94,"column":33}},"52":{"start":{"line":96,"column":4},"end":{"line":98,"column":6}},"53":{"start":{"line":97,"column":8},"end":{"line":97,"column":61}},"54":{"start":{"line":99,"column":4},"end":{"line":101,"column":6}},"55":{"start":{"line":100,"column":8},"end":{"line":100,"column":62}},"56":{"start":{"line":102,"column":4},"end":{"line":104,"column":6}},"57":{"start":{"line":103,"column":8},"end":{"line":103,"column":36}},"58":{"start":{"line":105,"column":4},"end":{"line":105,"column":21}},"59":{"start":{"line":107,"column":0},"end":{"line":107,"column":30}}},"fnMap":{"0":{"name":"(anonymous_0)","decl":{"start":{"line":4,"column":31},"end":{"line":4,"column":32}},"loc":{"start":{"line":4,"column":43},"end":{"line":106,"column":1}},"line":4},"1":{"name":"FetchBase","decl":{"start":{"line":5,"column":13},"end":{"line":5,"column":22}},"loc":{"start":{"line":5,"column":31},"end":{"line":8,"column":5}},"line":5},"2":{"name":"(anonymous_2)","decl":{"start":{"line":10,"column":34},"end":{"line":10,"column":35}},"loc":{"start":{"line":10,"column":52},"end":{"line":15,"column":5}},"line":10},"3":{"name":"(anonymous_3)","decl":{"start":{"line":16,"column":33},"end":{"line":16,"column":34}},"loc":{"start":{"line":16,"column":47},"end":{"line":21,"column":5}},"line":16},"4":{"name":"(anonymous_4)","decl":{"start":{"line":22,"column":30},"end":{"line":22,"column":31}},"loc":{"start":{"line":22,"column":42},"end":{"line":27,"column":5}},"line":22},"5":{"name":"(anonymous_5)","decl":{"start":{"line":28,"column":30},"end":{"line":28,"column":31}},"loc":{"start":{"line":28,"column":46},"end":{"line":39,"column":5}},"line":28},"6":{"name":"(anonymous_6)","decl":{"start":{"line":31,"column":18},"end":{"line":31,"column":19}},"loc":{"start":{"line":31,"column":38},"end":{"line":36,"column":9}},"line":31},"7":{"name":"(anonymous_7)","decl":{"start":{"line":40,"column":31},"end":{"line":40,"column":32}},"loc":{"start":{"line":40,"column":47},"end":{"line":46,"column":5}},"line":40},"8":{"name":"(anonymous_8)","decl":{"start":{"line":47,"column":33},"end":{"line":47,"column":34}},"loc":{"start":{"line":47,"column":49},"end":{"line":53,"column":5}},"line":47},"9":{"name":"(anonymous_9)","decl":{"start":{"line":54,"column":45},"end":{"line":54,"column":46}},"loc":{"start":{"line":54,"column":63},"end":{"line":56,"column":5}},"line":54},"10":{"name":"(anonymous_10)","decl":{"start":{"line":57,"column":39},"end":{"line":57,"column":40}},"loc":{"start":{"line":57,"column":55},"end":{"line":59,"column":5}},"line":57},"11":{"name":"(anonymous_11)","decl":{"start":{"line":60,"column":46},"end":{"line":60,"column":47}},"loc":{"start":{"line":60,"column":66},"end":{"line":65,"column":5}},"line":60},"12":{"name":"(anonymous_12)","decl":{"start":{"line":66,"column":41},"end":{"line":66,"column":42}},"loc":{"start":{"line":66,"column":56},"end":{"line":68,"column":5}},"line":66},"13":{"name":"(anonymous_13)","decl":{"start":{"line":74,"column":33},"end":{"line":74,"column":34}},"loc":{"start":{"line":74,"column":68},"end":{"line":92,"column":5}},"line":74},"14":{"name":"(anonymous_14)","decl":{"start":{"line":88,"column":39},"end":{"line":88,"column":40}},"loc":{"start":{"line":88,"column":52},"end":{"line":88,"column":71}},"line":88},"15":{"name":"(anonymous_15)","decl":{"start":{"line":93,"column":37},"end":{"line":93,"column":38}},"loc":{"start":{"line":93,"column":49},"end":{"line":95,"column":5}},"line":93},"16":{"name":"(anonymous_16)","decl":{"start":{"line":96,"column":37},"end":{"line":96,"column":38}},"loc":{"start":{"line":96,"column":53},"end":{"line":98,"column":5}},"line":96},"17":{"name":"(anonymous_17)","decl":{"start":{"line":99,"column":38},"end":{"line":99,"column":39}},"loc":{"start":{"line":99,"column":54},"end":{"line":101,"column":5}},"line":99},"18":{"name":"(anonymous_18)","decl":{"start":{"line":102,"column":40},"end":{"line":102,"column":41}},"loc":{"start":{"line":102,"column":52},"end":{"line":104,"column":5}},"line":102}},"branchMap":{"0":{"loc":{"start":{"line":29,"column":17},"end":{"line":29,"column":62}},"type":"cond-expr","locations":[{"start":{"line":29,"column":45},"end":{"line":29,"column":57}},{"start":{"line":29,"column":60},"end":{"line":29,"column":62}}],"line":29},"1":{"loc":{"start":{"line":32,"column":12},"end":{"line":34,"column":13}},"type":"if","locations":[{"start":{"line":32,"column":12},"end":{"line":34,"column":13}},{"start":{"line":32,"column":12},"end":{"line":34,"column":13}}],"line":32},"2":{"loc":{"start":{"line":41,"column":17},"end":{"line":41,"column":62}},"type":"cond-expr","locations":[{"start":{"line":41,"column":45},"end":{"line":41,"column":57}},{"start":{"line":41,"column":60},"end":{"line":41,"column":62}}],"line":41},"3":{"loc":{"start":{"line":48,"column":17},"end":{"line":48,"column":62}},"type":"cond-expr","locations":[{"start":{"line":48,"column":45},"end":{"line":48,"column":57}},{"start":{"line":48,"column":60},"end":{"line":48,"column":62}}],"line":48},"4":{"loc":{"start":{"line":61,"column":8},"end":{"line":63,"column":9}},"type":"if","locations":[{"start":{"line":61,"column":8},"end":{"line":63,"column":9}},{"start":{"line":61,"column":8},"end":{"line":63,"column":9}}],"line":61},"5":{"loc":{"start":{"line":75,"column":8},"end":{"line":75,"column":55}},"type":"if","locations":[{"start":{"line":75,"column":8},"end":{"line":75,"column":55}},{"start":{"line":75,"column":8},"end":{"line":75,"column":55}}],"line":75},"6":{"loc":{"start":{"line":76,"column":8},"end":{"line":76,"column":57}},"type":"if","locations":[{"start":{"line":76,"column":8},"end":{"line":76,"column":57}},{"start":{"line":76,"column":8},"end":{"line":76,"column":57}}],"line":76},"7":{"loc":{"start":{"line":77,"column":8},"end":{"line":79,"column":9}},"type":"if","locations":[{"start":{"line":77,"column":8},"end":{"line":79,"column":9}},{"start":{"line":77,"column":8},"end":{"line":79,"column":9}}],"line":77},"8":{"loc":{"start":{"line":77,"column":12},"end":{"line":77,"column":52}},"type":"binary-expr","locations":[{"start":{"line":77,"column":12},"end":{"line":77,"column":33}},{"start":{"line":77,"column":37},"end":{"line":77,"column":52}}],"line":77},"9":{"loc":{"start":{"line":82,"column":15},"end":{"line":82,"column":59}},"type":"cond-expr","locations":[{"start":{"line":82,"column":33},"end":{"line":82,"column":54}},{"start":{"line":82,"column":57},"end":{"line":82,"column":59}}],"line":82},"10":{"loc":{"start":{"line":83,"column":15},"end":{"line":83,"column":55}},"type":"cond-expr","locations":[{"start":{"line":83,"column":31},"end":{"line":83,"column":50}},{"start":{"line":83,"column":53},"end":{"line":83,"column":55}}],"line":83},"11":{"loc":{"start":{"line":84,"column":15},"end":{"line":84,"column":49}},"type":"cond-expr","locations":[{"start":{"line":84,"column":28},"end":{"line":84,"column":44}},{"start":{"line":84,"column":47},"end":{"line":84,"column":49}}],"line":84},"12":{"loc":{"start":{"line":85,"column":8},"end":{"line":90,"column":9}},"type":"if","locations":[{"start":{"line":85,"column":8},"end":{"line":90,"column":9}},{"start":{"line":85,"column":8},"end":{"line":90,"column":9}}],"line":85},"13":{"loc":{"start":{"line":85,"column":12},"end":{"line":85,"column":49}},"type":"binary-expr","locations":[{"start":{"line":85,"column":12},"end":{"line":85,"column":23}},{"start":{"line":85,"column":27},"end":{"line":85,"column":49}}],"line":85},"14":{"loc":{"start":{"line":87,"column":12},"end":{"line":89,"column":13}},"type":"if","locations":[{"start":{"line":87,"column":12},"end":{"line":89,"column":13}},{"start":{"line":87,"column":12},"end":{"line":89,"column":13}}],"line":87}},"s":{"0":1,"1":1,"2":1,"3":32,"4":32,"5":1,"6":4,"7":1,"8":4,"9":1,"10":4,"11":1,"12":4,"13":4,"14":4,"15":3,"16":1,"17":1,"18":4,"19":4,"20":1,"21":4,"22":4,"23":1,"24":18,"25":1,"26":6,"27":1,"28":20,"29":15,"30":5,"31":1,"32":12,"33":1,"34":32,"35":9,"36":32,"37":26,"38":32,"39":1,"40":31,"41":31,"42":31,"43":31,"44":31,"45":4,"46":4,"47":2,"48":2,"49":31,"50":1,"51":12,"52":1,"53":4,"54":1,"55":4,"56":1,"57":4,"58":1,"59":1},"f":{"0":1,"1":32,"2":4,"3":4,"4":4,"5":4,"6":4,"7":4,"8":4,"9":18,"10":6,"11":20,"12":12,"13":32,"14":2,"15":12,"16":4,"17":4,"18":4},"b":{"0":[0,4],"1":[3,1],"2":[0,4],"3":[0,4],"4":[15,5],"5":[9,23],"6":[26,6],"7":[1,31],"8":[32,31],"9":[30,1],"10":[31,0],"11":[7,24],"12":[4,27],"13":[31,31],"14":[2,2]},"_coverageSchema":"332fd63041d2c1bcb487cc26dd0d5f7d97098a6c","hash":"182534f8945bd8319bf4f382df1c2ecd552e588d"}
}
