{"/home/meads/DEV/fetch-base/src/index.ts": {"path":"/home/meads/DEV/fetch-base/src/index.ts","statementMap":{"0":{"start":{"line":1,"column":0},"end":{"line":1,"column":null}},"1":{"start":{"line":2,"column":0},"end":{"line":2,"column":null}},"2":{"start":{"line":22,"column":0},"end":{"line":22,"column":13}},"3":{"start":{"line":25,"column":24},"end":{"line":25,"column":44}},"4":{"start":{"line":23,"column":14},"end":{"line":23,"column":null}},"5":{"start":{"line":27,"column":4},"end":{"line":32,"column":null}},"6":{"start":{"line":28,"column":8},"end":{"line":31,"column":null}},"7":{"start":{"line":33,"column":4},"end":{"line":38,"column":null}},"8":{"start":{"line":34,"column":8},"end":{"line":37,"column":null}},"9":{"start":{"line":39,"column":4},"end":{"line":44,"column":null}},"10":{"start":{"line":40,"column":8},"end":{"line":43,"column":null}},"11":{"start":{"line":45,"column":4},"end":{"line":50,"column":null}},"12":{"start":{"line":46,"column":8},"end":{"line":49,"column":null}},"13":{"start":{"line":51,"column":4},"end":{"line":56,"column":null}},"14":{"start":{"line":52,"column":8},"end":{"line":55,"column":null}},"15":{"start":{"line":57,"column":4},"end":{"line":62,"column":null}},"16":{"start":{"line":58,"column":8},"end":{"line":61,"column":null}},"17":{"start":{"line":64,"column":14},"end":{"line":66,"column":null}},"18":{"start":{"line":65,"column":8},"end":{"line":65,"column":null}},"19":{"start":{"line":68,"column":14},"end":{"line":70,"column":null}},"20":{"start":{"line":69,"column":8},"end":{"line":69,"column":null}},"21":{"start":{"line":72,"column":14},"end":{"line":77,"column":null}},"22":{"start":{"line":74,"column":12},"end":{"line":74,"column":null}},"23":{"start":{"line":76,"column":8},"end":{"line":76,"column":null}},"24":{"start":{"line":84,"column":11},"end":{"line":110,"column":null}},"25":{"start":{"line":85,"column":8},"end":{"line":85,"column":null}},"26":{"start":{"line":86,"column":8},"end":{"line":86,"column":null}},"27":{"start":{"line":89,"column":12},"end":{"line":91,"column":null}},"28":{"start":{"line":95,"column":21},"end":{"line":95,"column":63}},"29":{"start":{"line":97,"column":8},"end":{"line":97,"column":null}},"30":{"start":{"line":98,"column":8},"end":{"line":98,"column":null}},"31":{"start":{"line":100,"column":12},"end":{"line":100,"column":null}},"32":{"start":{"line":104,"column":12},"end":{"line":104,"column":null}},"33":{"start":{"line":106,"column":16},"end":{"line":106,"column":null}},"34":{"start":{"line":106,"column":44},"end":{"line":106,"column":52}},"35":{"start":{"line":109,"column":8},"end":{"line":109,"column":null}},"36":{"start":{"line":112,"column":14},"end":{"line":114,"column":null}},"37":{"start":{"line":113,"column":8},"end":{"line":113,"column":null}},"38":{"start":{"line":115,"column":14},"end":{"line":117,"column":null}},"39":{"start":{"line":116,"column":8},"end":{"line":116,"column":null}},"40":{"start":{"line":118,"column":14},"end":{"line":120,"column":null}},"41":{"start":{"line":119,"column":8},"end":{"line":119,"column":null}},"42":{"start":{"line":121,"column":14},"end":{"line":123,"column":null}},"43":{"start":{"line":122,"column":8},"end":{"line":122,"column":null}},"44":{"start":{"line":124,"column":14},"end":{"line":133,"column":null}},"45":{"start":{"line":125,"column":8},"end":{"line":132,"column":null}},"46":{"start":{"line":134,"column":0},"end":{"line":134,"column":null}},"47":{"start":{"line":22,"column":13},"end":{"line":22,"column":22}}},"fnMap":{"0":{"name":"(anonymous_0)","decl":{"start":{"line":22,"column":0},"end":{"line":22,"column":13}},"loc":{"start":{"line":22,"column":0},"end":{"line":134,"column":null}}},"1":{"name":"FetchBase","decl":{"start":{"line":25,"column":4},"end":{"line":25,"column":24}},"loc":{"start":{"line":25,"column":44},"end":{"line":25,"column":48}}},"2":{"name":"(anonymous_2)","decl":{"start":{"line":27,"column":4},"end":{"line":27,"column":11}},"loc":{"start":{"line":27,"column":36},"end":{"line":32,"column":5}}},"3":{"name":"(anonymous_3)","decl":{"start":{"line":33,"column":4},"end":{"line":33,"column":10}},"loc":{"start":{"line":33,"column":21},"end":{"line":38,"column":5}}},"4":{"name":"(anonymous_4)","decl":{"start":{"line":39,"column":4},"end":{"line":39,"column":7}},"loc":{"start":{"line":39,"column":4},"end":{"line":44,"column":5}}},"5":{"name":"(anonymous_5)","decl":{"start":{"line":45,"column":4},"end":{"line":45,"column":7}},"loc":{"start":{"line":45,"column":15},"end":{"line":50,"column":5}}},"6":{"name":"(anonymous_6)","decl":{"start":{"line":51,"column":4},"end":{"line":51,"column":8}},"loc":{"start":{"line":51,"column":16},"end":{"line":56,"column":5}}},"7":{"name":"(anonymous_7)","decl":{"start":{"line":57,"column":4},"end":{"line":57,"column":10}},"loc":{"start":{"line":57,"column":18},"end":{"line":62,"column":5}}},"8":{"name":"(anonymous_8)","decl":{"start":{"line":64,"column":4},"end":{"line":64,"column":14}},"loc":{"start":{"line":64,"column":46},"end":{"line":66,"column":5}}},"9":{"name":"(anonymous_9)","decl":{"start":{"line":68,"column":4},"end":{"line":68,"column":14}},"loc":{"start":{"line":68,"column":31},"end":{"line":70,"column":5}}},"10":{"name":"(anonymous_10)","decl":{"start":{"line":72,"column":4},"end":{"line":72,"column":14}},"loc":{"start":{"line":72,"column":52},"end":{"line":77,"column":5}}},"11":{"name":"(anonymous_11)","decl":{"start":{"line":84,"column":4},"end":{"line":84,"column":11}},"loc":{"start":{"line":86,"column":31},"end":{"line":110,"column":5}}},"12":{"name":"(anonymous_12)","decl":{"start":{"line":106,"column":39},"end":{"line":106,"column":40}},"loc":{"start":{"line":106,"column":40},"end":{"line":106,"column":48}}},"13":{"name":"(anonymous_13)","decl":{"start":{"line":112,"column":4},"end":{"line":112,"column":14}},"loc":{"start":{"line":112,"column":4},"end":{"line":114,"column":5}}},"14":{"name":"(anonymous_14)","decl":{"start":{"line":115,"column":4},"end":{"line":115,"column":14}},"loc":{"start":{"line":115,"column":33},"end":{"line":117,"column":5}}},"15":{"name":"(anonymous_15)","decl":{"start":{"line":118,"column":4},"end":{"line":118,"column":14}},"loc":{"start":{"line":118,"column":32},"end":{"line":120,"column":5}}},"16":{"name":"(anonymous_16)","decl":{"start":{"line":121,"column":4},"end":{"line":121,"column":14}},"loc":{"start":{"line":121,"column":4},"end":{"line":123,"column":5}}},"17":{"name":"(anonymous_17)","decl":{"start":{"line":124,"column":4},"end":{"line":124,"column":14}},"loc":{"start":{"line":124,"column":58},"end":{"line":133,"column":5}}}},"branchMap":{"0":{"loc":{"start":{"line":85,"column":8},"end":{"line":85,"column":null}},"type":"if","locations":[{"start":{"line":85,"column":8},"end":{"line":85,"column":null}},{"start":{"line":85,"column":8},"end":{"line":85,"column":null}}]},"1":{"loc":{"start":{"line":86,"column":8},"end":{"line":86,"column":null}},"type":"if","locations":[{"start":{"line":86,"column":8},"end":{"line":86,"column":null}},{"start":{"line":86,"column":8},"end":{"line":86,"column":null}}]},"2":{"loc":{"start":{"line":88,"column":12},"end":{"line":88,"column":33}},"type":"binary-expr","locations":[{"start":{"line":88,"column":12},"end":{"line":88,"column":33}},{"start":{"line":88,"column":37},"end":{"line":88,"column":52}}]},"3":{"loc":{"start":{"line":97,"column":33},"end":{"line":97,"column":54}},"type":"cond-expr","locations":[{"start":{"line":97,"column":33},"end":{"line":97,"column":54}},{"start":{"line":97,"column":57},"end":{"line":97,"column":59}}]},"4":{"loc":{"start":{"line":98,"column":31},"end":{"line":98,"column":50}},"type":"cond-expr","locations":[{"start":{"line":98,"column":31},"end":{"line":98,"column":50}},{"start":{"line":98,"column":53},"end":{"line":98,"column":55}}]},"5":{"loc":{"start":{"line":103,"column":12},"end":{"line":103,"column":23}},"type":"binary-expr","locations":[{"start":{"line":103,"column":12},"end":{"line":103,"column":23}},{"start":{"line":103,"column":27},"end":{"line":103,"column":49}}]}},"s":{"0":1,"1":1,"2":1,"3":33,"4":33,"5":1,"6":4,"7":1,"8":4,"9":1,"10":4,"11":1,"12":4,"13":1,"14":4,"15":1,"16":4,"17":1,"18":18,"19":1,"20":6,"21":1,"22":18,"23":6,"24":1,"25":57,"26":62,"27":1,"28":32,"29":32,"30":32,"31":7,"32":4,"33":2,"34":2,"35":32,"36":1,"37":12,"38":1,"39":4,"40":1,"41":4,"42":1,"43":4,"44":1,"45":24,"46":1,"47":1},"f":{"0":1,"1":33,"2":4,"3":4,"4":4,"5":4,"6":4,"7":4,"8":18,"9":6,"10":24,"11":33,"12":2,"13":12,"14":4,"15":4,"16":4,"17":24},"b":{"0":[24,9],"1":[29,4],"2":[33,32],"3":[30,2],"4":[31,1],"5":[32,32]}}
}
