TN:
SF:/home/meads/DEV/fetch-base/src/index.ts
FN:25,(anonymous_0)
FN:30,FetchBase
FN:32,(anonymous_2)
FN:37,(anonymous_3)
FN:40,(anonymous_4)
FN:43,(anonymous_5)
FN:46,(anonymous_6)
FN:49,(anonymous_7)
FN:52,(anonymous_8)
FN:55,(anonymous_9)
FN:58,(anonymous_10)
FN:61,(anonymous_11)
FN:64,(anonymous_12)
FN:67,(anonymous_13)
FN:70,(anonymous_14)
FN:73,(anonymous_15)
FN:106,(anonymous_16)
FN:109,(anonymous_17)
FN:112,(anonymous_18)
FN:118,(anonymous_19)
FN:125,(anonymous_20)
FN:128,(anonymous_21)
FN:131,(anonymous_22)
FN:134,(anonymous_23)
FN:137,(anonymous_24)
FN:140,(anonymous_25)
FNF:26
FNH:26
FNDA:1,(anonymous_0)
FNDA:36,FetchBase
FNDA:3,(anonymous_2)
FNDA:4,(anonymous_3)
FNDA:1,(anonymous_4)
FNDA:4,(anonymous_5)
FNDA:1,(anonymous_6)
FNDA:4,(anonymous_7)
FNDA:1,(anonymous_8)
FNDA:4,(anonymous_9)
FNDA:1,(anonymous_10)
FNDA:4,(anonymous_11)
FNDA:1,(anonymous_12)
FNDA:4,(anonymous_13)
FNDA:1,(anonymous_14)
FNDA:36,(anonymous_15)
FNDA:20,(anonymous_16)
FNDA:6,(anonymous_17)
FNDA:24,(anonymous_18)
FNDA:3,(anonymous_19)
FNDA:3,(anonymous_20)
FNDA:12,(anonymous_21)
FNDA:4,(anonymous_22)
FNDA:4,(anonymous_23)
FNDA:4,(anonymous_24)
FNDA:27,(anonymous_25)
DA:1,1
DA:2,1
DA:25,1
DA:27,36
DA:28,36
DA:30,36
DA:32,1
DA:33,3
DA:37,4
DA:38,4
DA:40,1
DA:43,4
DA:44,4
DA:46,1
DA:49,4
DA:50,4
DA:52,1
DA:55,4
DA:56,4
DA:58,1
DA:61,4
DA:62,4
DA:64,1
DA:67,4
DA:68,4
DA:70,1
DA:73,1
DA:74,36
DA:76,35
DA:79,36
DA:81,36
DA:84,1
DA:87,36
DA:88,36
DA:89,36
DA:91,36
DA:93,9
DA:96,8
DA:100,4
DA:103,36
DA:106,1
DA:107,20
DA:109,1
DA:110,6
DA:112,1
DA:114,18
DA:116,6
DA:118,1
DA:120,2
DA:122,1
DA:125,1
DA:126,3
DA:128,1
DA:129,12
DA:131,1
DA:132,4
DA:134,1
DA:135,4
DA:137,1
DA:138,4
DA:140,1
DA:141,27
DA:150,1
LF:63
LH:63
BRDA:83,0,0,36
BRDA:83,0,1,1
BRDA:88,1,0,34
BRDA:88,1,1,2
BRDA:89,2,0,35
BRDA:89,2,1,1
BRDA:92,3,0,36
BRDA:92,3,1,24
BRDA:95,4,0,36
BRDA:95,4,1,9
BRDA:99,5,0,36
BRDA:99,5,1,4
BRF:12
BRH:12
end_of_record
