TN:
SF:/home/meads/DEV/fetch-base/src/index.ts
FN:22,(anonymous_0)
FN:25,FetchBase
FN:27,(anonymous_2)
FN:33,(anonymous_3)
FN:39,(anonymous_4)
FN:45,(anonymous_5)
FN:51,(anonymous_6)
FN:57,(anonymous_7)
FN:64,(anonymous_8)
FN:68,(anonymous_9)
FN:72,(anonymous_10)
FN:84,(anonymous_11)
FN:106,(anonymous_12)
FN:112,(anonymous_13)
FN:115,(anonymous_14)
FN:118,(anonymous_15)
FN:121,(anonymous_16)
FN:124,(anonymous_17)
FNF:18
FNH:18
FNDA:1,(anonymous_0)
FNDA:33,FetchBase
FNDA:4,(anonymous_2)
FNDA:4,(anonymous_3)
FNDA:4,(anonymous_4)
FNDA:4,(anonymous_5)
FNDA:4,(anonymous_6)
FNDA:4,(anonymous_7)
FNDA:18,(anonymous_8)
FNDA:6,(anonymous_9)
FNDA:24,(anonymous_10)
FNDA:33,(anonymous_11)
FNDA:2,(anonymous_12)
FNDA:12,(anonymous_13)
FNDA:4,(anonymous_14)
FNDA:4,(anonymous_15)
FNDA:4,(anonymous_16)
FNDA:24,(anonymous_17)
DA:1,1
DA:2,1
DA:22,1
DA:23,33
DA:25,33
DA:27,1
DA:28,4
DA:33,1
DA:34,4
DA:39,1
DA:40,4
DA:45,1
DA:46,4
DA:51,1
DA:52,4
DA:57,1
DA:58,4
DA:64,1
DA:65,18
DA:68,1
DA:69,6
DA:72,1
DA:74,18
DA:76,6
DA:84,1
DA:85,57
DA:86,62
DA:89,1
DA:95,32
DA:97,32
DA:98,32
DA:100,7
DA:104,4
DA:106,2
DA:109,32
DA:112,1
DA:113,12
DA:115,1
DA:116,4
DA:118,1
DA:119,4
DA:121,1
DA:122,4
DA:124,1
DA:125,24
DA:134,1
LF:46
LH:46
BRDA:85,0,0,24
BRDA:85,0,1,9
BRDA:86,1,0,29
BRDA:86,1,1,4
BRDA:88,2,0,33
BRDA:88,2,1,32
BRDA:97,3,0,30
BRDA:97,3,1,2
BRDA:98,4,0,31
BRDA:98,4,1,1
BRDA:103,5,0,32
BRDA:103,5,1,32
BRF:12
BRH:12
end_of_record
